2020-09-08 17:42:09.758  INFO 91932 --- [main] tripmaster.reward.RewardsServiceTest     : Starting RewardsServiceTest on PO712517 with PID 91932 (started by S609998 in C:\Users\S609998\PROJETS\reward)
2020-09-08 17:42:09.759  INFO 91932 --- [main] tripmaster.reward.RewardsServiceTest     : No active profile set, falling back to default profiles: default
2020-09-08 17:42:12.758  INFO 91932 --- [main] o.s.s.concurrent.ThreadPoolTaskExecutor  : Initializing ExecutorService 'applicationTaskExecutor'
2020-09-08 17:42:13.916  INFO 91932 --- [main] o.s.b.a.e.web.EndpointLinksResolver      : Exposing 2 endpoint(s) beneath base path '/actuator'
2020-09-08 17:42:14.017  INFO 91932 --- [main] tripmaster.reward.RewardsServiceTest     : Started RewardsServiceTest in 4.689 seconds (JVM running for 6.459)
2020-09-08 17:42:14.436  INFO 91932 --- [Thread-2] o.s.s.concurrent.ThreadPoolTaskExecutor  : Shutting down ExecutorService 'applicationTaskExecutor'
2020-09-08 17:44:24.160  INFO 92108 --- [main] tripmaster.reward.Application            : Starting Application on PO712517 with PID 92108 (C:\Users\S609998\PROJETS\reward\bin\main started by S609998 in C:\Users\S609998\PROJETS\reward)
2020-09-08 17:44:24.164  INFO 92108 --- [main] tripmaster.reward.Application            : No active profile set, falling back to default profiles: default
2020-09-08 17:44:26.766  INFO 92108 --- [main] o.s.b.w.embedded.tomcat.TomcatWebServer  : Tomcat initialized with port(s): 8082 (http)
2020-09-08 17:44:26.813  INFO 92108 --- [main] o.apache.catalina.core.StandardService   : Starting service [Tomcat]
2020-09-08 17:44:26.814  INFO 92108 --- [main] org.apache.catalina.core.StandardEngine  : Starting Servlet engine: [Apache Tomcat/9.0.37]
2020-09-08 17:44:27.037  INFO 92108 --- [main] o.a.c.c.C.[Tomcat].[localhost].[/]       : Initializing Spring embedded WebApplicationContext
2020-09-08 17:44:27.037  INFO 92108 --- [main] o.s.web.context.ContextLoader            : Root WebApplicationContext: initialization completed in 2812 ms
2020-09-08 17:44:27.752  INFO 92108 --- [main] o.s.s.concurrent.ThreadPoolTaskExecutor  : Initializing ExecutorService 'applicationTaskExecutor'
2020-09-08 17:44:28.049  INFO 92108 --- [main] o.s.b.a.e.web.EndpointLinksResolver      : Exposing 2 endpoint(s) beneath base path '/actuator'
2020-09-08 17:44:28.164  INFO 92108 --- [main] o.s.b.w.embedded.tomcat.TomcatWebServer  : Tomcat started on port(s): 8082 (http) with context path ''
2020-09-08 17:44:28.169  INFO 92108 --- [main] tripmaster.reward.Application            : Started Application in 4.572 seconds (JVM running for 5.621)
2020-09-08 17:54:11.156  INFO 92428 --- [main] tripmaster.reward.Application            : Starting Application on PO712517 with PID 92428 (C:\Users\S609998\PROJETS\reward\bin\main started by S609998 in C:\Users\S609998\PROJETS\reward)
2020-09-08 17:54:11.161  INFO 92428 --- [main] tripmaster.reward.Application            : No active profile set, falling back to default profiles: default
2020-09-08 17:54:13.812  INFO 92428 --- [main] o.s.b.w.embedded.tomcat.TomcatWebServer  : Tomcat initialized with port(s): 8082 (http)
2020-09-08 17:54:13.863  INFO 92428 --- [main] o.apache.catalina.core.StandardService   : Starting service [Tomcat]
2020-09-08 17:54:13.864  INFO 92428 --- [main] org.apache.catalina.core.StandardEngine  : Starting Servlet engine: [Apache Tomcat/9.0.37]
2020-09-08 17:54:14.101  INFO 92428 --- [main] o.a.c.c.C.[Tomcat].[localhost].[/]       : Initializing Spring embedded WebApplicationContext
2020-09-08 17:54:14.101  INFO 92428 --- [main] o.s.web.context.ContextLoader            : Root WebApplicationContext: initialization completed in 2877 ms
2020-09-08 17:54:14.909  INFO 92428 --- [main] o.s.s.concurrent.ThreadPoolTaskExecutor  : Initializing ExecutorService 'applicationTaskExecutor'
2020-09-08 17:54:15.315  INFO 92428 --- [main] o.s.b.a.e.web.EndpointLinksResolver      : Exposing 2 endpoint(s) beneath base path '/actuator'
2020-09-08 17:54:15.427  INFO 92428 --- [main] o.s.b.w.embedded.tomcat.TomcatWebServer  : Tomcat started on port(s): 8082 (http) with context path ''
2020-09-08 17:54:15.433  INFO 92428 --- [main] tripmaster.reward.Application            : Started Application in 4.844 seconds (JVM running for 5.978)
2020-09-08 17:56:41.933  INFO 92428 --- [http-nio-8082-exec-2] o.a.c.c.C.[Tomcat].[localhost].[/]       : Initializing Spring DispatcherServlet 'dispatcherServlet'
2020-09-08 17:56:41.933  INFO 92428 --- [http-nio-8082-exec-2] o.s.web.servlet.DispatcherServlet        : Initializing Servlet 'dispatcherServlet'
2020-09-08 17:56:41.942  INFO 92428 --- [http-nio-8082-exec-2] o.s.web.servlet.DispatcherServlet        : Completed initialization in 9 ms
